<?xml version="1.0" encoding="UTF-8"?>
<!-- Generated by org.testng.reporters.JUnitReportReporter -->
<testsuite skipped="0" hostname="DESKTOP-MHDEA67" name="com.w2a.testcase.applicant.LaunchWebsite" tests="1" failures="0" timestamp="30 Jan 2020 21:28:44 GMT" time="6.513" errors="0">
  <testcase name="launchWebsite" time="6.513" classname="com.w2a.testcase.applicant.LaunchWebsite"/>
</testsuite> <!-- com.w2a.testcase.applicant.LaunchWebsite -->
