<?xml version="1.0" encoding="UTF-8"?>
<!-- Generated by org.testng.reporters.JUnitReportReporter -->
<testsuite skipped="0" hostname="DESKTOP-OF9MC5M" name="com.w2a.testcase.applicant.ApplyUndergraduate" tests="1" failures="0" timestamp="12 Feb 2020 14:47:45 GMT" time="9.790" errors="0">
  <testcase name="applyUndergraduate" time="9.790" classname="com.w2a.testcase.applicant.ApplyUndergraduate"/>
</testsuite> <!-- com.w2a.testcase.applicant.ApplyUndergraduate -->
