<?xml version="1.0" encoding="UTF-8"?>
<!-- Generated by org.testng.reporters.JUnitReportReporter -->
<testsuite skipped="0" hostname="DESKTOP-OF9MC5M" name="com.w2a.testcase.applicant.ApplyUndergraduate" tests="1" failures="0" timestamp="03 Feb 2020 15:06:21 GMT" time="7.408" errors="0">
  <testcase name="applyUndergraduate" time="7.408" classname="com.w2a.testcase.applicant.ApplyUndergraduate"/>
</testsuite> <!-- com.w2a.testcase.applicant.ApplyUndergraduate -->
