<?xml version="1.0" encoding="UTF-8"?>
<!-- Generated by org.testng.reporters.JUnitReportReporter -->
<testsuite skipped="0" hostname="DESKTOP-MHDEA67" name="com.w2a.testcase.applicant.LaunchWebsite" tests="1" failures="0" timestamp="28 Jan 2020 11:28:54 GMT" time="3.375" errors="0">
  <testcase name="launchWebsite" time="3.375" classname="com.w2a.testcase.applicant.LaunchWebsite"/>
</testsuite> <!-- com.w2a.testcase.applicant.LaunchWebsite -->
