<?xml version="1.0" encoding="UTF-8"?>
<!-- Generated by org.testng.reporters.JUnitReportReporter -->
<testsuite hostname="Rtrojan_Nuke" name="applicant.signin" tests="1" failures="0" timestamp="28 Jan 2020 10:02:51 GMT" time="0.060" errors="1">
  <testcase name="signin" time="0.060" classname="applicant.signin">
    <error type="java.lang.StackOverflowError">
      <![CDATA[java.lang.StackOverflowError
	at applicant.signin.signin(signin.java:12)
	at applicant.signin.signin(signin.java:12)
	at applicant.signin.signin(signin.java:12)
	at applicant.signin.signin(signin.java:12)
	at applicant.signin.signin(signin.java:12)
	at applicant.signin.signin(signin.java:12)
	at applicant.signin.signin(signin.java:12)
	at applicant.signin.signin(signin.java:12)
	at applicant.signin.signin(signin.java:12)
	at applicant.signin.signin(signin.java:12)
	at applicant.signin.signin(signin.java:12)
	at applicant.signin.signin(signin.java:12)
	at applicant.signin.signin(signin.java:12)
	at applicant.signin.signin(signin.java:12)
	at applicant.signin.signin(signin.java:12)
	at applicant.signin.signin(signin.java:12)
	at applicant.signin.signin(signin.java:12)
	at applicant.signin.signin(signin.java:12)
	at applicant.signin.signin(signin.java:12)
	at applicant.signin.signin(signin.java:12)
	at applicant.signin.signin(signin.java:12)
	at applicant.signin.signin(signin.java:12)
	at applicant.signin.signin(signin.java:12)
	at applicant.signin.signin(signin.java:12)
	at applicant.signin.signin(signin.java:12)
	at applicant.signin.signin(signin.java:12)
	at applicant.signin.signin(signin.java:12)
	at applicant.signin.signin(signin.java:12)
	at applicant.signin.signin(signin.java:12)
	at applicant.signin.signin(signin.java:12)
	at applicant.signin.signin(signin.java:12)
	at applicant.signin.signin(signin.java:12)
	at applicant.signin.signin(signin.java:12)
	at applicant.signin.signin(signin.java:12)
	at applicant.signin.signin(signin.java:12)
	at applicant.signin.signin(signin.java:12)
	at applicant.signin.signin(signin.java:12)
	at applicant.signin.signin(signin.java:12)
	at applicant.signin.signin(signin.java:12)
	at applicant.signin.signin(signin.java:12)
	at applicant.signin.signin(signin.java:12)
	at applicant.signin.signin(signin.java:12)
	at applicant.signin.signin(signin.java:12)
	at applicant.signin.signin(signin.java:12)
	at applicant.signin.signin(signin.java:12)
	at applicant.signin.signin(signin.java:12)
	at applicant.signin.signin(signin.java:12)
	at applicant.signin.signin(signin.java:12)
	at applicant.signin.signin(signin.java:12)
	at applicant.signin.signin(signin.java:12)
	at applicant.signin.signin(signin.java:12)
	at applicant.signin.signin(signin.java:12)
	at applicant.signin.signin(signin.java:12)
	at applicant.signin.signin(signin.java:12)
	at applicant.signin.signin(signin.java:12)
	at applicant.signin.signin(signin.java:12)
	at applicant.signin.signin(signin.java:12)
	at applicant.signin.signin(signin.java:12)
	at applicant.signin.signin(signin.java:12)
	at applicant.signin.signin(signin.java:12)
	at applicant.signin.signin(signin.java:12)
	at applicant.signin.signin(signin.java:12)
	at applicant.signin.signin(signin.java:12)
	at applicant.signin.signin(signin.java:12)
	at applicant.signin.signin(signin.java:12)
	at applicant.signin.signin(signin.java:12)
	at applicant.signin.signin(signin.java:12)
	at applicant.signin.signin(signin.java:12)
	at applicant.signin.signin(signin.java:12)
	at applicant.signin.signin(signin.java:12)
	at applicant.signin.signin(signin.java:12)
	at applicant.signin.signin(signin.java:12)
	at applicant.signin.signin(signin.java:12)
	at applicant.signin.signin(signin.java:12)
	at applicant.signin.signin(signin.java:12)
	at applicant.signin.signin(signin.java:12)
	at applicant.signin.signin(signin.java:12)
	at applicant.signin.signin(signin.java:12)
	at applicant.signin.signin(signin.java:12)
	at applicant.signin.signin(signin.java:12)
	at applicant.signin.signin(signin.java:12)
	at applicant.signin.signin(signin.java:12)
	at applicant.signin.signin(signin.java:12)
	at applicant.signin.signin(signin.java:12)
	at applicant.signin.signin(signin.java:12)
	at applicant.signin.signin(signin.java:12)
	at applicant.signin.signin(signin.java:12)
	at applicant.signin.signin(signin.java:12)
	at applicant.signin.signin(signin.java:12)
	at applicant.signin.signin(signin.java:12)
	at applicant.signin.signin(signin.java:12)
	at applicant.signin.signin(signin.java:12)
	at applicant.signin.signin(signin.java:12)
	at applicant.signin.signin(signin.java:12)
	at applicant.signin.signin(signin.java:12)
	at applicant.signin.signin(signin.java:12)
	at applicant.signin.signin(signin.java:12)
	at applicant.signin.signin(signin.java:12)
	at applicant.signin.signin(signin.java:12)
	at applicant.signin.signin(signin.java:12)
	at applicant.signin.signin(signin.java:12)
	at applicant.signin.signin(signin.java:12)
	at applicant.signin.signin(signin.java:12)
	at applicant.signin.signin(signin.java:12)
	at applicant.signin.signin(signin.java:12)
	at applicant.signin.signin(signin.java:12)
	at applicant.signin.signin(signin.java:12)
	at applicant.signin.signin(signin.java:12)
	at applicant.signin.signin(signin.java:12)
	at applicant.signin.signin(signin.java:12)
	at applicant.signin.signin(signin.java:12)
	at applicant.signin.signin(signin.java:12)
	at applicant.signin.signin(signin.java:12)
	at applicant.signin.signin(signin.java:12)
	at applicant.signin.signin(signin.java:12)
	at applicant.signin.signin(signin.java:12)
	at applicant.signin.signin(signin.java:12)
	at applicant.signin.signin(signin.java:12)
	at applicant.signin.signin(signin.java:12)
	at applicant.signin.signin(signin.java:12)
	at applicant.signin.signin(signin.java:12)
	at applicant.signin.signin(signin.java:12)
	at applicant.signin.signin(signin.java:12)
	at applicant.signin.signin(signin.java:12)
	at applicant.signin.signin(signin.java:12)
	at applicant.signin.signin(signin.java:12)
	at applicant.signin.signin(signin.java:12)
	at applicant.signin.signin(signin.java:12)
	at applicant.signin.signin(signin.java:12)
	at applicant.signin.signin(signin.java:12)
	at applicant.signin.signin(signin.java:12)
	at applicant.signin.signin(signin.java:12)
	at applicant.signin.signin(signin.java:12)
	at applicant.signin.signin(signin.java:12)
	at applicant.signin.signin(signin.java:12)
	at applicant.signin.signin(signin.java:12)
	at applicant.signin.signin(signin.java:12)
	at applicant.signin.signin(signin.java:12)
	at applicant.signin.signin(signin.java:12)
	at applicant.signin.signin(signin.java:12)
	at applicant.signin.signin(signin.java:12)
	at applicant.signin.signin(signin.java:12)
	at applicant.signin.signin(signin.java:12)
	at applicant.signin.signin(signin.java:12)
	at applicant.signin.signin(signin.java:12)
	at applicant.signin.signin(signin.java:12)
	at applicant.signin.signin(signin.java:12)
	at applicant.signin.signin(signin.java:12)
	at applicant.signin.signin(signin.java:12)
	at applicant.signin.signin(signin.java:12)
	at applicant.signin.signin(signin.java:12)
	at applicant.signin.signin(signin.java:12)
	at applicant.signin.signin(signin.java:12)
	at applicant.signin.signin(signin.java:12)
	at applicant.signin.signin(signin.java:12)
	at applicant.signin.signin(signin.java:12)
	at applicant.signin.signin(signin.java:12)
	at applicant.signin.signin(signin.java:12)
	at applicant.signin.signin(signin.java:12)
	at applicant.signin.signin(signin.java:12)
	at applicant.signin.signin(signin.java:12)
	at applicant.signin.signin(signin.java:12)
	at applicant.signin.signin(signin.java:12)
	at applicant.signin.signin(signin.java:12)
	at applicant.signin.signin(signin.java:12)
	at applicant.signin.signin(signin.java:12)
	at applicant.signin.signin(signin.java:12)
	at applicant.signin.signin(signin.java:12)
	at applicant.signin.signin(signin.java:12)
	at applicant.signin.signin(signin.java:12)
	at applicant.signin.signin(signin.java:12)
	at applicant.signin.signin(signin.java:12)
	at applicant.signin.signin(signin.java:12)
	at applicant.signin.signin(signin.java:12)
	at applicant.signin.signin(signin.java:12)
	at applicant.signin.signin(signin.java:12)
	at applicant.signin.signin(signin.java:12)
	at applicant.signin.signin(signin.java:12)
	at applicant.signin.signin(signin.java:12)
	at applicant.signin.signin(signin.java:12)
	at applicant.signin.signin(signin.java:12)
	at applicant.signin.signin(signin.java:12)
	at applicant.signin.signin(signin.java:12)
	at applicant.signin.signin(signin.java:12)
	at applicant.signin.signin(signin.java:12)
	at applicant.signin.signin(signin.java:12)
	at applicant.signin.signin(signin.java:12)
	at applicant.signin.signin(signin.java:12)
	at applicant.signin.signin(signin.java:12)
	at applicant.signin.signin(signin.java:12)
	at applicant.signin.signin(signin.java:12)
	at applicant.signin.signin(signin.java:12)
	at applicant.signin.signin(signin.java:12)
	at applicant.signin.signin(signin.java:12)
	at applicant.signin.signin(signin.java:12)
	at applicant.signin.signin(signin.java:12)
	at applicant.signin.signin(signin.java:12)
	at applicant.signin.signin(signin.java:12)
	at applicant.signin.signin(signin.java:12)
	at applicant.signin.signin(signin.java:12)
	at applicant.signin.signin(signin.java:12)
	at applicant.signin.signin(signin.java:12)
	at applicant.signin.signin(signin.java:12)
	at applicant.signin.signin(signin.java:12)
	at applicant.signin.signin(signin.java:12)
	at applicant.signin.signin(signin.java:12)
	at applicant.signin.signin(signin.java:12)
	at applicant.signin.signin(signin.java:12)
	at applicant.signin.signin(signin.java:12)
	at applicant.signin.signin(signin.java:12)
	at applicant.signin.signin(signin.java:12)
	at applicant.signin.signin(signin.java:12)
	at applicant.signin.signin(signin.java:12)
	at applicant.signin.signin(signin.java:12)
	at applicant.signin.signin(signin.java:12)
	at applicant.signin.signin(signin.java:12)
	at applicant.signin.signin(signin.java:12)
	at applicant.signin.signin(signin.java:12)
	at applicant.signin.signin(signin.java:12)
	at applicant.signin.signin(signin.java:12)
	at applicant.signin.signin(signin.java:12)
	at applicant.signin.signin(signin.java:12)
	at applicant.signin.signin(signin.java:12)
	at applicant.signin.signin(signin.java:12)
	at applicant.signin.signin(signin.java:12)
	at applicant.signin.signin(signin.java:12)
	at applicant.signin.signin(signin.java:12)
	at applicant.signin.signin(signin.java:12)
	at applicant.signin.signin(signin.java:12)
	at applicant.signin.signin(signin.java:12)
	at applicant.signin.signin(signin.java:12)
	at applicant.signin.signin(signin.java:12)
	at applicant.signin.signin(signin.java:12)
	at applicant.signin.signin(signin.java:12)
	at applicant.signin.signin(signin.java:12)
	at applicant.signin.signin(signin.java:12)
	at applicant.signin.signin(signin.java:12)
	at applicant.signin.signin(signin.java:12)
	at applicant.signin.signin(signin.java:12)
	at applicant.signin.signin(signin.java:12)
	at applicant.signin.signin(signin.java:12)
	at applicant.signin.signin(signin.java:12)
	at applicant.signin.signin(signin.java:12)
	at applicant.signin.signin(signin.java:12)
	at applicant.signin.signin(signin.java:12)
	at applicant.signin.signin(signin.java:12)
	at applicant.signin.signin(signin.java:12)
	at applicant.signin.signin(signin.java:12)
	at applicant.signin.signin(signin.java:12)
	at applicant.signin.signin(signin.java:12)
	at applicant.signin.signin(signin.java:12)
	at applicant.signin.signin(signin.java:12)
	at applicant.signin.signin(signin.java:12)
	at applicant.signin.signin(signin.java:12)
	at applicant.signin.signin(signin.java:12)
	at applicant.signin.signin(signin.java:12)
	at applicant.signin.signin(signin.java:12)
	at applicant.signin.signin(signin.java:12)
	at applicant.signin.signin(signin.java:12)
	at applicant.signin.signin(signin.java:12)
	at applicant.signin.signin(signin.java:12)
	at applicant.signin.signin(signin.java:12)
	at applicant.signin.signin(signin.java:12)
	at applicant.signin.signin(signin.java:12)
	at applicant.signin.signin(signin.java:12)
	at applicant.signin.signin(signin.java:12)
	at applicant.signin.signin(signin.java:12)
	at applicant.signin.signin(signin.java:12)
	at applicant.signin.signin(signin.java:12)
	at applicant.signin.signin(signin.java:12)
	at applicant.signin.signin(signin.java:12)
	at applicant.signin.signin(signin.java:12)
	at applicant.signin.signin(signin.java:12)
	at applicant.signin.signin(signin.java:12)
	at applicant.signin.signin(signin.java:12)
	at applicant.signin.signin(signin.java:12)
	at applicant.signin.signin(signin.java:12)
	at applicant.signin.signin(signin.java:12)
	at applicant.signin.signin(signin.java:12)
	at applicant.signin.signin(signin.java:12)
	at applicant.signin.signin(signin.java:12)
	at applicant.signin.signin(signin.java:12)
	at applicant.signin.signin(signin.java:12)
	at applicant.signin.signin(signin.java:12)
	at applicant.signin.signin(signin.java:12)
	at applicant.signin.signin(signin.java:12)
	at applicant.signin.signin(signin.java:12)
	at applicant.signin.signin(signin.java:12)
	at applicant.signin.signin(signin.java:12)
	at applicant.signin.signin(signin.java:12)
	at applicant.signin.signin(signin.java:12)
	at applicant.signin.signin(signin.java:12)
	at applicant.signin.signin(signin.java:12)
	at applicant.signin.signin(signin.java:12)
	at applicant.signin.signin(signin.java:12)
	at applicant.signin.signin(signin.java:12)
	at applicant.signin.signin(signin.java:12)
	at applicant.signin.signin(signin.java:12)
	at applicant.signin.signin(signin.java:12)
	at applicant.signin.signin(signin.java:12)
	at applicant.signin.signin(signin.java:12)
	at applicant.signin.signin(signin.java:12)
	at applicant.signin.signin(signin.java:12)
	at applicant.signin.signin(signin.java:12)
	at applicant.signin.signin(signin.java:12)
	at applicant.signin.signin(signin.java:12)
	at applicant.signin.signin(signin.java:12)
	at applicant.signin.signin(signin.java:12)
	at applicant.signin.signin(signin.java:12)
	at applicant.signin.signin(signin.java:12)
	at applicant.signin.signin(signin.java:12)
	at applicant.signin.signin(signin.java:12)
	at applicant.signin.signin(signin.java:12)
	at applicant.signin.signin(signin.java:12)
	at applicant.signin.signin(signin.java:12)
	at applicant.signin.signin(signin.java:12)
	at applicant.signin.signin(signin.java:12)
	at applicant.signin.signin(signin.java:12)
	at applicant.signin.signin(signin.java:12)
	at applicant.signin.signin(signin.java:12)
	at applicant.signin.signin(signin.java:12)
	at applicant.signin.signin(signin.java:12)
	at applicant.signin.signin(signin.java:12)
	at applicant.signin.signin(signin.java:12)
	at applicant.signin.signin(signin.java:12)
	at applicant.signin.signin(signin.java:12)
	at applicant.signin.signin(signin.java:12)
	at applicant.signin.signin(signin.java:12)
	at applicant.signin.signin(signin.java:12)
	at applicant.signin.signin(signin.java:12)
	at applicant.signin.signin(signin.java:12)
	at applicant.signin.signin(signin.java:12)
	at applicant.signin.signin(signin.java:12)
	at applicant.signin.signin(signin.java:12)
	at applicant.signin.signin(signin.java:12)
	at applicant.signin.signin(signin.java:12)
	at applicant.signin.signin(signin.java:12)
	at applicant.signin.signin(signin.java:12)
	at applicant.signin.signin(signin.java:12)
	at applicant.signin.signin(signin.java:12)
	at applicant.signin.signin(signin.java:12)
	at applicant.signin.signin(signin.java:12)
	at applicant.signin.signin(signin.java:12)
	at applicant.signin.signin(signin.java:12)
	at applicant.signin.signin(signin.java:12)
	at applicant.signin.signin(signin.java:12)
	at applicant.signin.signin(signin.java:12)
	at applicant.signin.signin(signin.java:12)
	at applicant.signin.signin(signin.java:12)
	at applicant.signin.signin(signin.java:12)
	at applicant.signin.signin(signin.java:12)
	at applicant.signin.signin(signin.java:12)
	at applicant.signin.signin(signin.java:12)
	at applicant.signin.signin(signin.java:12)
	at applicant.signin.signin(signin.java:12)
	at applicant.signin.signin(signin.java:12)
	at applicant.signin.signin(signin.java:12)
	at applicant.signin.signin(signin.java:12)
	at applicant.signin.signin(signin.java:12)
	at applicant.signin.signin(signin.java:12)
	at applicant.signin.signin(signin.java:12)
	at applicant.signin.signin(signin.java:12)
	at applicant.signin.signin(signin.java:12)
	at applicant.signin.signin(signin.java:12)
	at applicant.signin.signin(signin.java:12)
	at applicant.signin.signin(signin.java:12)
	at applicant.signin.signin(signin.java:12)
	at applicant.signin.signin(signin.java:12)
	at applicant.signin.signin(signin.java:12)
	at applicant.signin.signin(signin.java:12)
	at applicant.signin.signin(signin.java:12)
	at applicant.signin.signin(signin.java:12)
	at applicant.signin.signin(signin.java:12)
	at applicant.signin.signin(signin.java:12)
	at applicant.signin.signin(signin.java:12)
	at applicant.signin.signin(signin.java:12)
	at applicant.signin.signin(signin.java:12)
	at applicant.signin.signin(signin.java:12)
	at applicant.signin.signin(signin.java:12)
	at applicant.signin.signin(signin.java:12)
	at applicant.signin.signin(signin.java:12)
	at applicant.signin.signin(signin.java:12)
	at applicant.signin.signin(signin.java:12)
	at applicant.signin.signin(signin.java:12)
	at applicant.signin.signin(signin.java:12)
	at applicant.signin.signin(signin.java:12)
	at applicant.signin.signin(signin.java:12)
	at applicant.signin.signin(signin.java:12)
	at applicant.signin.signin(signin.java:12)
	at applicant.signin.signin(signin.java:12)
	at applicant.signin.signin(signin.java:12)
	at applicant.signin.signin(signin.java:12)
	at applicant.signin.signin(signin.java:12)
	at applicant.signin.signin(signin.java:12)
	at applicant.signin.signin(signin.java:12)
	at applicant.signin.signin(signin.java:12)
	at applicant.signin.signin(signin.java:12)
	at applicant.signin.signin(signin.java:12)
	at applicant.signin.signin(signin.java:12)
	at applicant.signin.signin(signin.java:12)
	at applicant.signin.signin(signin.java:12)
	at applicant.signin.signin(signin.java:12)
	at applicant.signin.signin(signin.java:12)
	at applicant.signin.signin(signin.java:12)
	at applicant.signin.signin(signin.java:12)
	at applicant.signin.signin(signin.java:12)
	at applicant.signin.signin(signin.java:12)
	at applicant.signin.signin(signin.java:12)
	at applicant.signin.signin(signin.java:12)
	at applicant.signin.signin(signin.java:12)
	at applicant.signin.signin(signin.java:12)
	at applicant.signin.signin(signin.java:12)
	at applicant.signin.signin(signin.java:12)
	at applicant.signin.signin(signin.java:12)
	at applicant.signin.signin(signin.java:12)
	at applicant.signin.signin(signin.java:12)
	at applicant.signin.signin(signin.java:12)
	at applicant.signin.signin(signin.java:12)
	at applicant.signin.signin(signin.java:12)
	at applicant.signin.signin(signin.java:12)
	at applicant.signin.signin(signin.java:12)
	at applicant.signin.signin(signin.java:12)
	at applicant.signin.signin(signin.java:12)
	at applicant.signin.signin(signin.java:12)
	at applicant.signin.signin(signin.java:12)
	at applicant.signin.signin(signin.java:12)
	at applicant.signin.signin(signin.java:12)
	at applicant.signin.signin(signin.java:12)
	at applicant.signin.signin(signin.java:12)
	at applicant.signin.signin(signin.java:12)
	at applicant.signin.signin(signin.java:12)
	at applicant.signin.signin(signin.java:12)
	at applicant.signin.signin(signin.java:12)
	at applicant.signin.signin(signin.java:12)
	at applicant.signin.signin(signin.java:12)
	at applicant.signin.signin(signin.java:12)
	at applicant.signin.signin(signin.java:12)
	at applicant.signin.signin(signin.java:12)
	at applicant.signin.signin(signin.java:12)
	at applicant.signin.signin(signin.java:12)
	at applicant.signin.signin(signin.java:12)
	at applicant.signin.signin(signin.java:12)
	at applicant.signin.signin(signin.java:12)
	at applicant.signin.signin(signin.java:12)
	at applicant.signin.signin(signin.java:12)
	at applicant.signin.signin(signin.java:12)
	at applicant.signin.signin(signin.java:12)
	at applicant.signin.signin(signin.java:12)
	at applicant.signin.signin(signin.java:12)
	at applicant.signin.signin(signin.java:12)
	at applicant.signin.signin(signin.java:12)
	at applicant.signin.signin(signin.java:12)
	at applicant.signin.signin(signin.java:12)
	at applicant.signin.signin(signin.java:12)
	at applicant.signin.signin(signin.java:12)
	at applicant.signin.signin(signin.java:12)
	at applicant.signin.signin(signin.java:12)
	at applicant.signin.signin(signin.java:12)
	at applicant.signin.signin(signin.java:12)
	at applicant.signin.signin(signin.java:12)
	at applicant.signin.signin(signin.java:12)
	at applicant.signin.signin(signin.java:12)
	at applicant.signin.signin(signin.java:12)
	at applicant.signin.signin(signin.java:12)
	at applicant.signin.signin(signin.java:12)
	at applicant.signin.signin(signin.java:12)
	at applicant.signin.signin(signin.java:12)
	at applicant.signin.signin(signin.java:12)
	at applicant.signin.signin(signin.java:12)
	at applicant.signin.signin(signin.java:12)
	at applicant.signin.signin(signin.java:12)
	at applicant.signin.signin(signin.java:12)
	at applicant.signin.signin(signin.java:12)
	at applicant.signin.signin(signin.java:12)
	at applicant.signin.signin(signin.java:12)
	at applicant.signin.signin(signin.java:12)
	at applicant.signin.signin(signin.java:12)
	at applicant.signin.signin(signin.java:12)
	at applicant.signin.signin(signin.java:12)
	at applicant.signin.signin(signin.java:12)
	at applicant.signin.signin(signin.java:12)
	at applicant.signin.signin(signin.java:12)
	at applicant.signin.signin(signin.java:12)
	at applicant.signin.signin(signin.java:12)
	at applicant.signin.signin(signin.java:12)
	at applicant.signin.signin(signin.java:12)
	at applicant.signin.signin(signin.java:12)
	at applicant.signin.signin(signin.java:12)
	at applicant.signin.signin(signin.java:12)
	at applicant.signin.signin(signin.java:12)
	at applicant.signin.signin(signin.java:12)
	at applicant.signin.signin(signin.java:12)
	at applicant.signin.signin(signin.java:12)
	at applicant.signin.signin(signin.java:12)
	at applicant.signin.signin(signin.java:12)
	at applicant.signin.signin(signin.java:12)
	at applicant.signin.signin(signin.java:12)
	at applicant.signin.signin(signin.java:12)
	at applicant.signin.signin(signin.java:12)
	at applicant.signin.signin(signin.java:12)
	at applicant.signin.signin(signin.java:12)
	at applicant.signin.signin(signin.java:12)
	at applicant.signin.signin(signin.java:12)
	at applicant.signin.signin(signin.java:12)
	at applicant.signin.signin(signin.java:12)
	at applicant.signin.signin(signin.java:12)
	at applicant.signin.signin(signin.java:12)
	at applicant.signin.signin(signin.java:12)
	at applicant.signin.signin(signin.java:12)
	at applicant.signin.signin(signin.java:12)
	at applicant.signin.signin(signin.java:12)
	at applicant.signin.signin(signin.java:12)
	at applicant.signin.signin(signin.java:12)
	at applicant.signin.signin(signin.java:12)
	at applicant.signin.signin(signin.java:12)
	at applicant.signin.signin(signin.java:12)
	at applicant.signin.signin(signin.java:12)
	at applicant.signin.signin(signin.java:12)
	at applicant.signin.signin(signin.java:12)
	at applicant.signin.signin(signin.java:12)
	at applicant.signin.signin(signin.java:12)
	at applicant.signin.signin(signin.java:12)
	at applicant.signin.signin(signin.java:12)
	at applicant.signin.signin(signin.java:12)
	at applicant.signin.signin(signin.java:12)
	at applicant.signin.signin(signin.java:12)
	at applicant.signin.signin(signin.java:12)
	at applicant.signin.signin(signin.java:12)
	at applicant.signin.signin(signin.java:12)
	at applicant.signin.signin(signin.java:12)
	at applicant.signin.signin(signin.java:12)
	at applicant.signin.signin(signin.java:12)
	at applicant.signin.signin(signin.java:12)
	at applicant.signin.signin(signin.java:12)
	at applicant.signin.signin(signin.java:12)
	at applicant.signin.signin(signin.java:12)
	at applicant.signin.signin(signin.java:12)
	at applicant.signin.signin(signin.java:12)
	at applicant.signin.signin(signin.java:12)
	at applicant.signin.signin(signin.java:12)
	at applicant.signin.signin(signin.java:12)
	at applicant.signin.signin(signin.java:12)
	at applicant.signin.signin(signin.java:12)
	at applicant.signin.signin(signin.java:12)
	at applicant.signin.signin(signin.java:12)
	at applicant.signin.signin(signin.java:12)
	at applicant.signin.signin(signin.java:12)
	at applicant.signin.signin(signin.java:12)
	at applicant.signin.signin(signin.java:12)
	at applicant.signin.signin(signin.java:12)
	at applicant.signin.signin(signin.java:12)
	at applicant.signin.signin(signin.java:12)
	at applicant.signin.signin(signin.java:12)
	at applicant.signin.signin(signin.java:12)
	at applicant.signin.signin(signin.java:12)
	at applicant.signin.signin(signin.java:12)
	at applicant.signin.signin(signin.java:12)
	at applicant.signin.signin(signin.java:12)
	at applicant.signin.signin(signin.java:12)
	at applicant.signin.signin(signin.java:12)
	at applicant.signin.signin(signin.java:12)
	at applicant.signin.signin(signin.java:12)
	at applicant.signin.signin(signin.java:12)
	at applicant.signin.signin(signin.java:12)
	at applicant.signin.signin(signin.java:12)
	at applicant.signin.signin(signin.java:12)
	at applicant.signin.signin(signin.java:12)
	at applicant.signin.signin(signin.java:12)
	at applicant.signin.signin(signin.java:12)
	at applicant.signin.signin(signin.java:12)
	at applicant.signin.signin(signin.java:12)
	at applicant.signin.signin(signin.java:12)
	at applicant.signin.signin(signin.java:12)
	at applicant.signin.signin(signin.java:12)
	at applicant.signin.signin(signin.java:12)
	at applicant.signin.signin(signin.java:12)
	at applicant.signin.signin(signin.java:12)
	at applicant.signin.signin(signin.java:12)
	at applicant.signin.signin(signin.java:12)
	at applicant.signin.signin(signin.java:12)
	at applicant.signin.signin(signin.java:12)
	at applicant.signin.signin(signin.java:12)
	at applicant.signin.signin(signin.java:12)
	at applicant.signin.signin(signin.java:12)
	at applicant.signin.signin(signin.java:12)
	at applicant.signin.signin(signin.java:12)
	at applicant.signin.signin(signin.java:12)
	at applicant.signin.signin(signin.java:12)
	at applicant.signin.signin(signin.java:12)
	at applicant.signin.signin(signin.java:12)
	at applicant.signin.signin(signin.java:12)
	at applicant.signin.signin(signin.java:12)
	at applicant.signin.signin(signin.java:12)
	at applicant.signin.signin(signin.java:12)
	at applicant.signin.signin(signin.java:12)
	at applicant.signin.signin(signin.java:12)
	at applicant.signin.signin(signin.java:12)
	at applicant.signin.signin(signin.java:12)
	at applicant.signin.signin(signin.java:12)
	at applicant.signin.signin(signin.java:12)
	at applicant.signin.signin(signin.java:12)
	at applicant.signin.signin(signin.java:12)
	at applicant.signin.signin(signin.java:12)
	at applicant.signin.signin(signin.java:12)
	at applicant.signin.signin(signin.java:12)
	at applicant.signin.signin(signin.java:12)
	at applicant.signin.signin(signin.java:12)
	at applicant.signin.signin(signin.java:12)
	at applicant.signin.signin(signin.java:12)
	at applicant.signin.signin(signin.java:12)
	at applicant.signin.signin(signin.java:12)
	at applicant.signin.signin(signin.java:12)
	at applicant.signin.signin(signin.java:12)
	at applicant.signin.signin(signin.java:12)
	at applicant.signin.signin(signin.java:12)
	at applicant.signin.signin(signin.java:12)
	at applicant.signin.signin(signin.java:12)
	at applicant.signin.signin(signin.java:12)
	at applicant.signin.signin(signin.java:12)
	at applicant.signin.signin(signin.java:12)
	at applicant.signin.signin(signin.java:12)
	at applicant.signin.signin(signin.java:12)
	at applicant.signin.signin(signin.java:12)
	at applicant.signin.signin(signin.java:12)
	at applicant.signin.signin(signin.java:12)
	at applicant.signin.signin(signin.java:12)
	at applicant.signin.signin(signin.java:12)
	at applicant.signin.signin(signin.java:12)
	at applicant.signin.signin(signin.java:12)
	at applicant.signin.signin(signin.java:12)
	at applicant.signin.signin(signin.java:12)
	at applicant.signin.signin(signin.java:12)
	at applicant.signin.signin(signin.java:12)
	at applicant.signin.signin(signin.java:12)
	at applicant.signin.signin(signin.java:12)
	at applicant.signin.signin(signin.java:12)
	at applicant.signin.signin(signin.java:12)
	at applicant.signin.signin(signin.java:12)
	at applicant.signin.signin(signin.java:12)
	at applicant.signin.signin(signin.java:12)
	at applicant.signin.signin(signin.java:12)
	at applicant.signin.signin(signin.java:12)
	at applicant.signin.signin(signin.java:12)
	at applicant.signin.signin(signin.java:12)
	at applicant.signin.signin(signin.java:12)
	at applicant.signin.signin(signin.java:12)
	at applicant.signin.signin(signin.java:12)
	at applicant.signin.signin(signin.java:12)
	at applicant.signin.signin(signin.java:12)
	at applicant.signin.signin(signin.java:12)
	at applicant.signin.signin(signin.java:12)
	at applicant.signin.signin(signin.java:12)
	at applicant.signin.signin(signin.java:12)
	at applicant.signin.signin(signin.java:12)
	at applicant.signin.signin(signin.java:12)
	at applicant.signin.signin(signin.java:12)
	at applicant.signin.signin(signin.java:12)
	at applicant.signin.signin(signin.java:12)
	at applicant.signin.signin(signin.java:12)
	at applicant.signin.signin(signin.java:12)
	at applicant.signin.signin(signin.java:12)
	at applicant.signin.signin(signin.java:12)
	at applicant.signin.signin(signin.java:12)
	at applicant.signin.signin(signin.java:12)
	at applicant.signin.signin(signin.java:12)
	at applicant.signin.signin(signin.java:12)
	at applicant.signin.signin(signin.java:12)
	at applicant.signin.signin(signin.java:12)
	at applicant.signin.signin(signin.java:12)
	at applicant.signin.signin(signin.java:12)
	at applicant.signin.signin(signin.java:12)
	at applicant.signin.signin(signin.java:12)
	at applicant.signin.signin(signin.java:12)
	at applicant.signin.signin(signin.java:12)
	at applicant.signin.signin(signin.java:12)
	at applicant.signin.signin(signin.java:12)
	at applicant.signin.signin(signin.java:12)
	at applicant.signin.signin(signin.java:12)
	at applicant.signin.signin(signin.java:12)
	at applicant.signin.signin(signin.java:12)
	at applicant.signin.signin(signin.java:12)
	at applicant.signin.signin(signin.java:12)
	at applicant.signin.signin(signin.java:12)
	at applicant.signin.signin(signin.java:12)
	at applicant.signin.signin(signin.java:12)
	at applicant.signin.signin(signin.java:12)
	at applicant.signin.signin(signin.java:12)
	at applicant.signin.signin(signin.java:12)
	at applicant.signin.signin(signin.java:12)
	at applicant.signin.signin(signin.java:12)
	at applicant.signin.signin(signin.java:12)
	at applicant.signin.signin(signin.java:12)
	at applicant.signin.signin(signin.java:12)
	at applicant.signin.signin(signin.java:12)
	at applicant.signin.signin(signin.java:12)
	at applicant.signin.signin(signin.java:12)
	at applicant.signin.signin(signin.java:12)
	at applicant.signin.signin(signin.java:12)
	at applicant.signin.signin(signin.java:12)
	at applicant.signin.signin(signin.java:12)
	at applicant.signin.signin(signin.java:12)
	at applicant.signin.signin(signin.java:12)
	at applicant.signin.signin(signin.java:12)
	at applicant.signin.signin(signin.java:12)
	at applicant.signin.signin(signin.java:12)
	at applicant.signin.signin(signin.java:12)
	at applicant.signin.signin(signin.java:12)
	at applicant.signin.signin(signin.java:12)
	at applicant.signin.signin(signin.java:12)
	at applicant.signin.signin(signin.java:12)
	at applicant.signin.signin(signin.java:12)
	at applicant.signin.signin(signin.java:12)
	at applicant.signin.signin(signin.java:12)
	at applicant.signin.signin(signin.java:12)
	at applicant.signin.signin(signin.java:12)
	at applicant.signin.signin(signin.java:12)
	at applicant.signin.signin(signin.java:12)
	at applicant.signin.signin(signin.java:12)
	at applicant.signin.signin(signin.java:12)
	at applicant.signin.signin(signin.java:12)
	at applicant.signin.signin(signin.java:12)
	at applicant.signin.signin(signin.java:12)
	at applicant.signin.signin(signin.java:12)
	at applicant.signin.signin(signin.java:12)
	at applicant.signin.signin(signin.java:12)
	at applicant.signin.signin(signin.java:12)
	at applicant.signin.signin(signin.java:12)
	at applicant.signin.signin(signin.java:12)
	at applicant.signin.signin(signin.java:12)
	at applicant.signin.signin(signin.java:12)
	at applicant.signin.signin(signin.java:12)
	at applicant.signin.signin(signin.java:12)
	at applicant.signin.signin(signin.java:12)
	at applicant.signin.signin(signin.java:12)
	at applicant.signin.signin(signin.java:12)
	at applicant.signin.signin(signin.java:12)
	at applicant.signin.signin(signin.java:12)
	at applicant.signin.signin(signin.java:12)
	at applicant.signin.signin(signin.java:12)
	at applicant.signin.signin(signin.java:12)
	at applicant.signin.signin(signin.java:12)
	at applicant.signin.signin(signin.java:12)
	at applicant.signin.signin(signin.java:12)
	at applicant.signin.signin(signin.java:12)
	at applicant.signin.signin(signin.java:12)
	at applicant.signin.signin(signin.java:12)
	at applicant.signin.signin(signin.java:12)
	at applicant.signin.signin(signin.java:12)
	at applicant.signin.signin(signin.java:12)
	at applicant.signin.signin(signin.java:12)
	at applicant.signin.signin(signin.java:12)
	at applicant.signin.signin(signin.java:12)
	at applicant.signin.signin(signin.java:12)
	at applicant.signin.signin(signin.java:12)
	at applicant.signin.signin(signin.java:12)
	at applicant.signin.signin(signin.java:12)
	at applicant.signin.signin(signin.java:12)
	at applicant.signin.signin(signin.java:12)
	at applicant.signin.signin(signin.java:12)
	at applicant.signin.signin(signin.java:12)
	at applicant.signin.signin(signin.java:12)
	at applicant.signin.signin(signin.java:12)
	at applicant.signin.signin(signin.java:12)
	at applicant.signin.signin(signin.java:12)
	at applicant.signin.signin(signin.java:12)
	at applicant.signin.signin(signin.java:12)
	at applicant.signin.signin(signin.java:12)
	at applicant.signin.signin(signin.java:12)
	at applicant.signin.signin(signin.java:12)
	at applicant.signin.signin(signin.java:12)
	at applicant.signin.signin(signin.java:12)
	at applicant.signin.signin(signin.java:12)
	at applicant.signin.signin(signin.java:12)
	at applicant.signin.signin(signin.java:12)
	at applicant.signin.signin(signin.java:12)
	at applicant.signin.signin(signin.java:12)
	at applicant.signin.signin(signin.java:12)
	at applicant.signin.signin(signin.java:12)
	at applicant.signin.signin(signin.java:12)
	at applicant.signin.signin(signin.java:12)
	at applicant.signin.signin(signin.java:12)
	at applicant.signin.signin(signin.java:12)
	at applicant.signin.signin(signin.java:12)
	at applicant.signin.signin(signin.java:12)
	at applicant.signin.signin(signin.java:12)
	at applicant.signin.signin(signin.java:12)
	at applicant.signin.signin(signin.java:12)
	at applicant.signin.signin(signin.java:12)
	at applicant.signin.signin(signin.java:12)
	at applicant.signin.signin(signin.java:12)
	at applicant.signin.signin(signin.java:12)
	at applicant.signin.signin(signin.java:12)
	at applicant.signin.signin(signin.java:12)
	at applicant.signin.signin(signin.java:12)
	at applicant.signin.signin(signin.java:12)
	at applicant.signin.signin(signin.java:12)
	at applicant.signin.signin(signin.java:12)
	at applicant.signin.signin(signin.java:12)
	at applicant.signin.signin(signin.java:12)
	at applicant.signin.signin(signin.java:12)
	at applicant.signin.signin(signin.java:12)
	at applicant.signin.signin(signin.java:12)
	at applicant.signin.signin(signin.java:12)
	at applicant.signin.signin(signin.java:12)
	at applicant.signin.signin(signin.java:12)
	at applicant.signin.signin(signin.java:12)
	at applicant.signin.signin(signin.java:12)
	at applicant.signin.signin(signin.java:12)
	at applicant.signin.signin(signin.java:12)
	at applicant.signin.signin(signin.java:12)
	at applicant.signin.signin(signin.java:12)
	at applicant.signin.signin(signin.java:12)
	at applicant.signin.signin(signin.java:12)
	at applicant.signin.signin(signin.java:12)
	at applicant.signin.signin(signin.java:12)
	at applicant.signin.signin(signin.java:12)
	at applicant.signin.signin(signin.java:12)
	at applicant.signin.signin(signin.java:12)
	at applicant.signin.signin(signin.java:12)
	at applicant.signin.signin(signin.java:12)
	at applicant.signin.signin(signin.java:12)
	at applicant.signin.signin(signin.java:12)
	at applicant.signin.signin(signin.java:12)
	at applicant.signin.signin(signin.java:12)
	at applicant.signin.signin(signin.java:12)
	at applicant.signin.signin(signin.java:12)
	at applicant.signin.signin(signin.java:12)
	at applicant.signin.signin(signin.java:12)
	at applicant.signin.signin(signin.java:12)
	at applicant.signin.signin(signin.java:12)
	at applicant.signin.signin(signin.java:12)
	at applicant.signin.signin(signin.java:12)
	at applicant.signin.signin(signin.java:12)
	at applicant.signin.signin(signin.java:12)
	at applicant.signin.signin(signin.java:12)
	at applicant.signin.signin(signin.java:12)
	at applicant.signin.signin(signin.java:12)
	at applicant.signin.signin(signin.java:12)
	at applicant.signin.signin(signin.java:12)
	at applicant.signin.signin(signin.java:12)
	at applicant.signin.signin(signin.java:12)
	at applicant.signin.signin(signin.java:12)
	at applicant.signin.signin(signin.java:12)
	at applicant.signin.signin(signin.java:12)
	at applicant.signin.signin(signin.java:12)
	at applicant.signin.signin(signin.java:12)
	at applicant.signin.signin(signin.java:12)
	at applicant.signin.signin(signin.java:12)
	at applicant.signin.signin(signin.java:12)
	at applicant.signin.signin(signin.java:12)
	at applicant.signin.signin(signin.java:12)
	at applicant.signin.signin(signin.java:12)
	at applicant.signin.signin(signin.java:12)
	at applicant.signin.signin(signin.java:12)
	at applicant.signin.signin(signin.java:12)
	at applicant.signin.signin(signin.java:12)
	at applicant.signin.signin(signin.java:12)
	at applicant.signin.signin(signin.java:12)
	at applicant.signin.signin(signin.java:12)
	at applicant.signin.signin(signin.java:12)
	at applicant.signin.signin(signin.java:12)
	at applicant.signin.signin(signin.java:12)
	at applicant.signin.signin(signin.java:12)
	at applicant.signin.signin(signin.java:12)
	at applicant.signin.signin(signin.java:12)
	at applicant.signin.signin(signin.java:12)
	at applicant.signin.signin(signin.java:12)
	at applicant.signin.signin(signin.java:12)
	at applicant.signin.signin(signin.java:12)
	at applicant.signin.signin(signin.java:12)
	at applicant.signin.signin(signin.java:12)
	at applicant.signin.signin(signin.java:12)
	at applicant.signin.signin(signin.java:12)
	at applicant.signin.signin(signin.java:12)
	at applicant.signin.signin(signin.java:12)
	at applicant.signin.signin(signin.java:12)
	at applicant.signin.signin(signin.java:12)
	at applicant.signin.signin(signin.java:12)
	at applicant.signin.signin(signin.java:12)
	at applicant.signin.signin(signin.java:12)
	at applicant.signin.signin(signin.java:12)
	at applicant.signin.signin(signin.java:12)
	at applicant.signin.signin(signin.java:12)
	at applicant.signin.signin(signin.java:12)
	at applicant.signin.signin(signin.java:12)
	at applicant.signin.signin(signin.java:12)
	at applicant.signin.signin(signin.java:12)
	at applicant.signin.signin(signin.java:12)
	at applicant.signin.signin(signin.java:12)
	at applicant.signin.signin(signin.java:12)
	at applicant.signin.signin(signin.java:12)
	at applicant.signin.signin(signin.java:12)
	at applicant.signin.signin(signin.java:12)
	at applicant.signin.signin(signin.java:12)
	at applicant.signin.signin(signin.java:12)
	at applicant.signin.signin(signin.java:12)
	at applicant.signin.signin(signin.java:12)
	at applicant.signin.signin(signin.java:12)
	at applicant.signin.signin(signin.java:12)
	at applicant.signin.signin(signin.java:12)
	at applicant.signin.signin(signin.java:12)
	at applicant.signin.signin(signin.java:12)
	at applicant.signin.signin(signin.java:12)
	at applicant.signin.signin(signin.java:12)
	at applicant.signin.signin(signin.java:12)
	at applicant.signin.signin(signin.java:12)
	at applicant.signin.signin(signin.java:12)
	at applicant.signin.signin(signin.java:12)
	at applicant.signin.signin(signin.java:12)
	at applicant.signin.signin(signin.java:12)
	at applicant.signin.signin(signin.java:12)
	at applicant.signin.signin(signin.java:12)
	at applicant.signin.signin(signin.java:12)
	at applicant.signin.signin(signin.java:12)
	at applicant.signin.signin(signin.java:12)
	at applicant.signin.signin(signin.java:12)
	at applicant.signin.signin(signin.java:12)
	at applicant.signin.signin(signin.java:12)
	at applicant.signin.signin(signin.java:12)
	at applicant.signin.signin(signin.java:12)
	at applicant.signin.signin(signin.java:12)
	at applicant.signin.signin(signin.java:12)
	at applicant.signin.signin(signin.java:12)
	at applicant.signin.signin(signin.java:12)
	at applicant.signin.signin(signin.java:12)
	at applicant.signin.signin(signin.java:12)
	at applicant.signin.signin(signin.java:12)
	at applicant.signin.signin(signin.java:12)
	at applicant.signin.signin(signin.java:12)
	at applicant.signin.signin(signin.java:12)
	at applicant.signin.signin(signin.java:12)
	at applicant.signin.signin(signin.java:12)
	at applicant.signin.signin(signin.java:12)
	at applicant.signin.signin(signin.java:12)
	at applicant.signin.signin(signin.java:12)
	at applicant.signin.signin(signin.java:12)
	at applicant.signin.signin(signin.java:12)
	at applicant.signin.signin(signin.java:12)
	at applicant.signin.signin(signin.java:12)
	at applicant.signin.signin(signin.java:12)
	at applicant.signin.signin(signin.java:12)
	at applicant.signin.signin(signin.java:12)
	at applicant.signin.signin(signin.java:12)
	at applicant.signin.signin(signin.java:12)
	at applicant.signin.signin(signin.java:12)
	at applicant.signin.signin(signin.java:12)
	at applicant.signin.signin(signin.java:12)
	at applicant.signin.signin(signin.java:12)
	at applicant.signin.signin(signin.java:12)
	at applicant.signin.signin(signin.java:12)
	at applicant.signin.signin(signin.java:12)
	at applicant.signin.signin(signin.java:12)
	at applicant.signin.signin(signin.java:12)
	at applicant.signin.signin(signin.java:12)
	at applicant.signin.signin(signin.java:12)
	at applicant.signin.signin(signin.java:12)
	at applicant.signin.signin(signin.java:12)
	at applicant.signin.signin(signin.java:12)
	at applicant.signin.signin(signin.java:12)
	at applicant.signin.signin(signin.java:12)
	at applicant.signin.signin(signin.java:12)
	at applicant.signin.signin(signin.java:12)
	at applicant.signin.signin(signin.java:12)
	at applicant.signin.signin(signin.java:12)
	at applicant.signin.signin(signin.java:12)
	at applicant.signin.signin(signin.java:12)
	at applicant.signin.signin(signin.java:12)
	at applicant.signin.signin(signin.java:12)
	at applicant.signin.signin(signin.java:12)
	at applicant.signin.signin(signin.java:12)
	at applicant.signin.signin(signin.java:12)
	at applicant.signin.signin(signin.java:12)
	at applicant.signin.signin(signin.java:12)
	at applicant.signin.signin(signin.java:12)
	at applicant.signin.signin(signin.java:12)
	at applicant.signin.signin(signin.java:12)
	at applicant.signin.signin(signin.java:12)
	at applicant.signin.signin(signin.java:12)
	at applicant.signin.signin(signin.java:12)
	at applicant.signin.signin(signin.java:12)
	at applicant.signin.signin(signin.java:12)
	at applicant.signin.signin(signin.java:12)
	at applicant.signin.signin(signin.java:12)
	at applicant.signin.signin(signin.java:12)
	at applicant.signin.signin(signin.java:12)
	at applicant.signin.signin(signin.java:12)
	at applicant.signin.signin(signin.java:12)
	at applicant.signin.signin(signin.java:12)
	at applicant.signin.signin(signin.java:12)
	at applicant.signin.signin(signin.java:12)
	at applicant.signin.signin(signin.java:12)
	at applicant.signin.signin(signin.java:12)
	at applicant.signin.signin(signin.java:12)
	at applicant.signin.signin(signin.java:12)
	at applicant.signin.signin(signin.java:12)
	at applicant.signin.signin(signin.java:12)
	at applicant.signin.signin(signin.java:12)
	at applicant.signin.signin(signin.java:12)
	at applicant.signin.signin(signin.java:12)
	at applicant.signin.signin(signin.java:12)
	at applicant.signin.signin(signin.java:12)
	at applicant.signin.signin(signin.java:12)
	at applicant.signin.signin(signin.java:12)
	at applicant.signin.signin(signin.java:12)
	at applicant.signin.signin(signin.java:12)
	at applicant.signin.signin(signin.java:12)
	at applicant.signin.signin(signin.java:12)
	at applicant.signin.signin(signin.java:12)
	at applicant.signin.signin(signin.java:12)
	at applicant.signin.signin(signin.java:12)
	at applicant.signin.signin(signin.java:12)
	at applicant.signin.signin(signin.java:12)
	at applicant.signin.signin(signin.java:12)
	at applicant.signin.signin(signin.java:12)
	at applicant.signin.signin(signin.java:12)
	at applicant.signin.signin(signin.java:12)
	at applicant.signin.signin(signin.java:12)
	at applicant.signin.signin(signin.java:12)
	at applicant.signin.signin(signin.java:12)
	at applicant.signin.signin(signin.java:12)
	at applicant.signin.signin(signin.java:12)
	at applicant.signin.signin(signin.java:12)
	at applicant.signin.signin(signin.java:12)
	at applicant.signin.signin(signin.java:12)
]]>
    </error>
  </testcase> <!-- signin -->
</testsuite> <!-- applicant.signin -->
