<?xml version="1.0" encoding="UTF-8"?>
<!-- Generated by org.testng.reporters.JUnitReportReporter -->
<testsuite skipped="0" hostname="DESKTOP-MHDEA67" name="com.w2a.testcase.StudentLoginPage" tests="1" failures="0" timestamp="28 Jan 2020 08:50:49 GMT" time="14.264" errors="0">
  <testcase name="validlogin" time="14.264" classname="com.w2a.testcase.StudentLoginPage"/>
</testsuite> <!-- com.w2a.testcase.StudentLoginPage -->
